1513434010424:extract --id asdasd
1513434186626:extract
1513434259749:extract --id asdsa
1513434265775:help
1513434399602:extract
1513434478608:extract --id 56829846
1513441066424:exit
1513441231819:sdfsdf
1513441235117:sdfsd
1513441236149:sdfsdf
1513441236845:sdf
1513441237925:sd
1513443327597:extract --id asdas
1513443623483:extract --id 2017-12-16 17:55:12.575  INFO 27362 --- [           main] o.s.j.e.a.AnnotationMBeanExporter        : Registering beans for JMX exposure on startup
1513443652005:extract --id 56829846
1513447044302:e --id # Ignore everything in this directory
1513447044308:*
1513447044310:# Except this file
1513447046156:!.gitignore
1513447056581:e
1513447066810:e --id # Ignore everything in this directory
1513447066814:*
1513447066817:# Except this file
1513447082866:!.gitignoree --id 56829846
1513447144288:extract --id 56829846
1513447967875:transform --id  public void getProductInformation(Document doc) {
1513447982809:transform --id shell:>        pageParser.parse()No command found for 'pageParser.parse();'
1513447997214:T --id 56829846
1513449275510:e --id 37377796
1513449281903:t --id 37377796
1513449415412:T --id 37377796
1513449708276:T -id 37377796
1513449717258:T --id 37377796
1513452389313:T --id  37377796
1513452422318:T --id 37377796
1513500524806:T --id 56829846
1513503227890:T --id 37377796
1513504774517:T --id
1513504792410:compile('org.json:json:20160810')
1513504798389:T --id shell:> compile('org.json:json:20160810')
1513504823741:T --id 37377796
1513510143663:L --id   @ShellMethod(value = "Wykonuje operacje TRANSFORM dla prouktu o podanym id", key = {"T", "transform", "t"})
1513510159580:L --id     }L --id   @ShellMethod(value = "Wykonuje operacje TRANSFORM dla prouktu o podanym id", key = {"T", "transform", "t"})java.lang.IllegalArgumentException: Too many arguments: the following could not be mapped to parameters: '= Wykonuje operacje TRANSFORM dla prouktu o podanym id , key = {T , transform , t })'
1513510181920:L --id 37377796
1513510425034:t --id 37377796
1513510449231:l --id 37377796
1513510578856:t --id compile('org.mongodb:mongodb-driver:3.6.0')
1513510593327:t --id 37377796
1513511131904:T --id nvalid hexadecimal representation of an ObjectId
1513511136184:t --id 37377796
1513511188822:e --id 56829846
1513511196231:t --id 56829846
1513511203512:l --id 56829846
1513511871108:L --id 56829846
1513520604322:L --i readStartDocument can only be called when CurrentBSONType is DOCUMENT, not when CurrentBSONType is ARRAY.
1513520607279:L --id 56829846
1513520918514:L --id 37377796
